[SEND] 29/07/2025 12:35:41 PM: To=lamltde180684@fpt.edu.vn, Subject=[Pet Spa] Xác nhận lịch hẹn
Body=
<div style='font-family:Segoe UI,Arial,sans-serif;max-width:600px;margin:auto;border:1px solid #eee;border-radius:8px;overflow:hidden;'>
    <div style='background:#f7b731;padding:24px 32px;'>
        <h2 style='color:#fff;margin:0;'>Pet Spa - Xác nhận lịch hẹn</h2>
    </div>
    <div style='padding:24px 32px;background:#fff;'>
        <p>Xin chào <b>Lê Thị Khách</b>,</p>
        <p>Lịch hẹn của bạn tại <b>Pet Spa</b> đã được <span style='color:#27ae60;font-weight:bold;'>xác nhận</span>.</p>
        <table style='width:100%;border-collapse:collapse;margin:16px 0;'>
            <tr>
                <td style='padding:8px 0;color:#888;'>Thời gian:</td>
                <td style='padding:8px 0;'><b>29/07/2025 09:00</b></td>
            </tr>
            <tr>
                <td style='padding:8px 0;color:#888;'>Dịch vụ:</td>
                <td style='padding:8px 0;'>Tắm cơ bản</td>
            </tr>
            <tr>
                <td style='padding:8px 0;color:#888;'>Thú cưng:</td>
                <td style='padding:8px 0;'>Milu</td>
            </tr>
        </table>
        <p>Địa chỉ Spa: <b>123 Đường ABC, Quận 1, TP.HCM</b><br/>
        Hotline: <b>0123 456 789</b></p>
        <p style='color:#888;font-size:13px;'>Vui lòng đến đúng giờ để được phục vụ tốt nhất.<br/>Cảm ơn bạn đã tin tưởng Pet Spa!</p>
    </div>
    <div style='background:#f7b731;padding:12px 32px;text-align:center;color:#fff;font-size:13px;'>
        &copy; 2025 Pet Spa. All rights reserved.
    </div>
</div>


[SUCCESS] 29/07/2025 12:35:45 PM: Sent to lamltde180684@fpt.edu.vn
[SEND] 29/07/2025 1:46:30 PM: To=lamltde180684@fpt.edu.vn, Subject=[Pet Spa] Xác nhận lịch hẹn
Body=
<div style='font-family:Segoe UI,Arial,sans-serif;max-width:600px;margin:auto;border:1px solid #eee;border-radius:8px;overflow:hidden;'>
    <div style='background:#f7b731;padding:24px 32px;'>
        <h2 style='color:#fff;margin:0;'>Pet Spa - Xác nhận lịch hẹn</h2>
    </div>
    <div style='padding:24px 32px;background:#fff;'>
        <p>Xin chào <b>Lê Thị Khách</b>,</p>
        <p>Lịch hẹn của bạn tại <b>Pet Spa</b> đã được <span style='color:#27ae60;font-weight:bold;'>xác nhận</span>.</p>
        <table style='width:100%;border-collapse:collapse;margin:16px 0;'>
            <tr>
                <td style='padding:8px 0;color:#888;'>Thời gian:</td>
                <td style='padding:8px 0;'><b>29/07/2025 09:00</b></td>
            </tr>
            <tr>
                <td style='padding:8px 0;color:#888;'>Dịch vụ:</td>
                <td style='padding:8px 0;'>Cắt tỉa cơ bản</td>
            </tr>
            <tr>
                <td style='padding:8px 0;color:#888;'>Thú cưng:</td>
                <td style='padding:8px 0;'>Mèo Mun</td>
            </tr>
        </table>
        <p>Địa chỉ Spa: <b>123 Đường ABC, Quận 1, TP.HCM</b><br/>
        Hotline: <b>0123 456 789</b></p>
        <p style='color:#888;font-size:13px;'>Vui lòng đến đúng giờ để được phục vụ tốt nhất.<br/>Cảm ơn bạn đã tin tưởng Pet Spa!</p>
    </div>
    <div style='background:#f7b731;padding:12px 32px;text-align:center;color:#fff;font-size:13px;'>
        &copy; 2025 Pet Spa. All rights reserved.
    </div>
</div>


[SUCCESS] 29/07/2025 1:46:35 PM: Sent to lamltde180684@fpt.edu.vn
